mode: set
github.com/magmel48/go-web/internal/db/links/repository.go:15.60,17.2 1 0
github.com/magmel48/go-web/internal/db/links/repository.go:19.118,20.19 1 1
github.com/magmel48/go-web/internal/db/links/repository.go:25.2,34.58 2 1
github.com/magmel48/go-web/internal/db/links/repository.go:40.2,41.29 2 1
github.com/magmel48/go-web/internal/db/links/repository.go:45.2,45.19 1 1
github.com/magmel48/go-web/internal/db/links/repository.go:20.19,23.3 2 0
github.com/magmel48/go-web/internal/db/links/repository.go:34.58,37.3 1 0
github.com/magmel48/go-web/internal/db/links/repository.go:41.29,43.3 1 0
github.com/magmel48/go-web/internal/db/links/repository.go:48.111,53.16 4 0
github.com/magmel48/go-web/internal/db/links/repository.go:57.2,57.15 1 0
github.com/magmel48/go-web/internal/db/links/repository.go:62.2,64.16 2 0
github.com/magmel48/go-web/internal/db/links/repository.go:68.2,70.16 2 0
github.com/magmel48/go-web/internal/db/links/repository.go:74.2,77.34 3 0
github.com/magmel48/go-web/internal/db/links/repository.go:106.2,106.36 1 0
github.com/magmel48/go-web/internal/db/links/repository.go:110.2,110.20 1 0
github.com/magmel48/go-web/internal/db/links/repository.go:53.16,55.3 1 0
github.com/magmel48/go-web/internal/db/links/repository.go:57.15,60.3 2 0
github.com/magmel48/go-web/internal/db/links/repository.go:64.16,66.3 1 0
github.com/magmel48/go-web/internal/db/links/repository.go:70.16,72.3 1 0
github.com/magmel48/go-web/internal/db/links/repository.go:77.34,80.17 3 0
github.com/magmel48/go-web/internal/db/links/repository.go:84.3,84.18 1 0
github.com/magmel48/go-web/internal/db/links/repository.go:94.3,95.17 2 0
github.com/magmel48/go-web/internal/db/links/repository.go:99.3,101.37 2 0
github.com/magmel48/go-web/internal/db/links/repository.go:80.17,82.4 1 0
github.com/magmel48/go-web/internal/db/links/repository.go:84.18,85.60 1 0
github.com/magmel48/go-web/internal/db/links/repository.go:85.60,87.5 1 0
github.com/magmel48/go-web/internal/db/links/repository.go:88.9,89.121 1 0
github.com/magmel48/go-web/internal/db/links/repository.go:89.121,91.5 1 0
github.com/magmel48/go-web/internal/db/links/repository.go:95.17,97.4 1 0
github.com/magmel48/go-web/internal/db/links/repository.go:101.37,103.4 1 0
github.com/magmel48/go-web/internal/db/links/repository.go:106.36,108.3 1 0
github.com/magmel48/go-web/internal/db/links/repository.go:113.105,116.16 2 1
github.com/magmel48/go-web/internal/db/links/repository.go:120.2,120.15 1 1
github.com/magmel48/go-web/internal/db/links/repository.go:127.2,128.17 2 1
github.com/magmel48/go-web/internal/db/links/repository.go:134.2,135.16 2 1
github.com/magmel48/go-web/internal/db/links/repository.go:139.2,139.18 1 1
github.com/magmel48/go-web/internal/db/links/repository.go:143.2,143.17 1 0
github.com/magmel48/go-web/internal/db/links/repository.go:116.16,118.3 1 0
github.com/magmel48/go-web/internal/db/links/repository.go:120.15,122.17 2 1
github.com/magmel48/go-web/internal/db/links/repository.go:122.17,124.4 1 0
github.com/magmel48/go-web/internal/db/links/repository.go:128.17,129.96 1 1
github.com/magmel48/go-web/internal/db/links/repository.go:129.96,131.4 1 0
github.com/magmel48/go-web/internal/db/links/repository.go:135.16,137.3 1 0
github.com/magmel48/go-web/internal/db/links/repository.go:139.18,141.3 1 1
github.com/magmel48/go-web/internal/db/links/repository.go:146.88,150.16 3 0
github.com/magmel48/go-web/internal/db/links/repository.go:154.2,154.15 1 0
github.com/magmel48/go-web/internal/db/links/repository.go:161.2,161.18 1 0
github.com/magmel48/go-web/internal/db/links/repository.go:169.2,170.16 2 0
github.com/magmel48/go-web/internal/db/links/repository.go:174.2,174.19 1 0
github.com/magmel48/go-web/internal/db/links/repository.go:150.16,152.3 1 0
github.com/magmel48/go-web/internal/db/links/repository.go:154.15,156.17 2 0
github.com/magmel48/go-web/internal/db/links/repository.go:156.17,158.4 1 0
github.com/magmel48/go-web/internal/db/links/repository.go:161.18,162.43 1 0
github.com/magmel48/go-web/internal/db/links/repository.go:166.3,166.20 1 0
github.com/magmel48/go-web/internal/db/links/repository.go:162.43,164.4 1 0
github.com/magmel48/go-web/internal/db/links/repository.go:170.16,172.3 1 0
github.com/magmel48/go-web/internal/db/userlinks/repository.go:17.60,19.2 1 0
github.com/magmel48/go-web/internal/db/userlinks/repository.go:21.105,26.2 2 1
github.com/magmel48/go-web/internal/db/userlinks/repository.go:28.105,33.16 2 1
github.com/magmel48/go-web/internal/db/userlinks/repository.go:37.2,39.18 2 1
github.com/magmel48/go-web/internal/db/userlinks/repository.go:49.2,50.16 2 1
github.com/magmel48/go-web/internal/db/userlinks/repository.go:54.2,54.20 1 1
github.com/magmel48/go-web/internal/db/userlinks/repository.go:33.16,35.3 1 0
github.com/magmel48/go-web/internal/db/userlinks/repository.go:39.18,42.17 3 1
github.com/magmel48/go-web/internal/db/userlinks/repository.go:46.3,46.64 1 1
github.com/magmel48/go-web/internal/db/userlinks/repository.go:42.17,44.4 1 0
github.com/magmel48/go-web/internal/db/userlinks/repository.go:50.16,52.3 1 0
github.com/magmel48/go-web/internal/db/userlinks/repository.go:57.124,63.16 2 1
github.com/magmel48/go-web/internal/db/userlinks/repository.go:67.2,70.17 3 1
github.com/magmel48/go-web/internal/db/userlinks/repository.go:77.2,78.16 2 1
github.com/magmel48/go-web/internal/db/userlinks/repository.go:82.2,82.22 1 1
github.com/magmel48/go-web/internal/db/userlinks/repository.go:86.2,86.17 1 0
github.com/magmel48/go-web/internal/db/userlinks/repository.go:63.16,65.3 1 0
github.com/magmel48/go-web/internal/db/userlinks/repository.go:70.17,72.17 2 1
github.com/magmel48/go-web/internal/db/userlinks/repository.go:72.17,74.4 1 0
github.com/magmel48/go-web/internal/db/userlinks/repository.go:78.16,80.3 1 0
github.com/magmel48/go-web/internal/db/userlinks/repository.go:82.22,84.3 1 1
github.com/magmel48/go-web/internal/db/userlinks/repository.go:89.114,97.34 3 0
github.com/magmel48/go-web/internal/db/userlinks/repository.go:102.2,105.38 3 0
github.com/magmel48/go-web/internal/db/userlinks/repository.go:109.2,111.12 2 0
github.com/magmel48/go-web/internal/db/userlinks/repository.go:97.34,100.3 2 0
github.com/magmel48/go-web/internal/db/userlinks/repository.go:105.38,107.3 1 0
github.com/magmel48/go-web/internal/daemons/deleting_daemon.go:17.108,23.2 1 0
github.com/magmel48/go-web/internal/daemons/deleting_daemon.go:25.65,27.2 1 1
github.com/magmel48/go-web/internal/daemons/deleting_daemon.go:29.44,32.6 2 0
github.com/magmel48/go-web/internal/daemons/deleting_daemon.go:32.6,33.10 1 0
github.com/magmel48/go-web/internal/daemons/deleting_daemon.go:34.28,38.10 3 0
github.com/magmel48/go-web/internal/daemons/deleting_daemon.go:40.19,42.24 2 0
github.com/magmel48/go-web/internal/daemons/deleting_daemon.go:47.52,49.45 2 1
github.com/magmel48/go-web/internal/daemons/deleting_daemon.go:60.2,60.20 1 1
github.com/magmel48/go-web/internal/daemons/deleting_daemon.go:49.45,50.10 1 1
github.com/magmel48/go-web/internal/daemons/deleting_daemon.go:51.31,55.6 1 1
github.com/magmel48/go-web/internal/daemons/deleting_daemon.go:56.11,56.11 0 1
github.com/magmel48/go-web/internal/daemons/deleting_daemon.go:60.20,61.74 1 1
github.com/magmel48/go-web/internal/daemons/deleting_daemon.go:61.74,63.4 1 0
github.com/magmel48/go-web/internal/auth/auth.go:14.25,17.2 2 0
github.com/magmel48/go-web/internal/auth/custom_auth.go:19.43,21.16 2 0
github.com/magmel48/go-web/internal/auth/custom_auth.go:25.2,26.16 2 0
github.com/magmel48/go-web/internal/auth/custom_auth.go:30.2,30.68 1 0
github.com/magmel48/go-web/internal/auth/custom_auth.go:21.16,23.3 1 0
github.com/magmel48/go-web/internal/auth/custom_auth.go:26.16,28.3 1 0
github.com/magmel48/go-web/internal/auth/custom_auth.go:35.64,36.24 1 1
github.com/magmel48/go-web/internal/auth/custom_auth.go:40.2,43.16 3 1
github.com/magmel48/go-web/internal/auth/custom_auth.go:47.2,51.16 4 1
github.com/magmel48/go-web/internal/auth/custom_auth.go:55.2,56.21 2 1
github.com/magmel48/go-web/internal/auth/custom_auth.go:36.24,38.3 1 0
github.com/magmel48/go-web/internal/auth/custom_auth.go:43.16,45.3 1 0
github.com/magmel48/go-web/internal/auth/custom_auth.go:51.16,53.3 1 0
github.com/magmel48/go-web/internal/auth/custom_auth.go:60.58,62.16 2 1
github.com/magmel48/go-web/internal/auth/custom_auth.go:66.2,73.24 5 1
github.com/magmel48/go-web/internal/auth/custom_auth.go:62.16,64.3 1 0
github.com/magmel48/go-web/internal/auth/custom_auth.go:77.54,80.16 3 1
github.com/magmel48/go-web/internal/auth/custom_auth.go:84.2,84.19 1 1
github.com/magmel48/go-web/internal/auth/custom_auth.go:80.16,82.3 1 0
github.com/magmel48/go-web/internal/shortener/shortener.go:33.81,48.2 4 0
github.com/magmel48/go-web/internal/shortener/shortener.go:50.65,52.2 1 0
github.com/magmel48/go-web/internal/shortener/shortener.go:54.99,56.16 2 0
github.com/magmel48/go-web/internal/shortener/shortener.go:60.2,61.35 2 0
github.com/magmel48/go-web/internal/shortener/shortener.go:65.2,65.20 1 0
github.com/magmel48/go-web/internal/shortener/shortener.go:56.16,58.3 1 0
github.com/magmel48/go-web/internal/shortener/shortener.go:61.35,63.3 1 0
github.com/magmel48/go-web/internal/shortener/shortener.go:69.109,71.16 2 1
github.com/magmel48/go-web/internal/shortener/shortener.go:75.2,76.16 2 1
github.com/magmel48/go-web/internal/shortener/shortener.go:83.2,83.19 1 1
github.com/magmel48/go-web/internal/shortener/shortener.go:92.2,92.58 1 1
github.com/magmel48/go-web/internal/shortener/shortener.go:71.16,73.3 1 0
github.com/magmel48/go-web/internal/shortener/shortener.go:76.16,77.41 1 0
github.com/magmel48/go-web/internal/shortener/shortener.go:77.41,79.4 1 0
github.com/magmel48/go-web/internal/shortener/shortener.go:83.19,85.22 2 1
github.com/magmel48/go-web/internal/shortener/shortener.go:85.22,86.77 1 0
github.com/magmel48/go-web/internal/shortener/shortener.go:86.77,88.5 1 0
github.com/magmel48/go-web/internal/shortener/shortener.go:96.85,98.16 2 1
github.com/magmel48/go-web/internal/shortener/shortener.go:102.2,102.17 1 1
github.com/magmel48/go-web/internal/shortener/shortener.go:106.2,106.20 1 1
github.com/magmel48/go-web/internal/shortener/shortener.go:110.2,110.30 1 1
github.com/magmel48/go-web/internal/shortener/shortener.go:98.16,100.3 1 0
github.com/magmel48/go-web/internal/shortener/shortener.go:102.17,104.3 1 1
github.com/magmel48/go-web/internal/shortener/shortener.go:106.20,108.3 1 0
github.com/magmel48/go-web/internal/shortener/shortener.go:114.93,115.19 1 0
github.com/magmel48/go-web/internal/shortener/shortener.go:119.2,120.16 2 0
github.com/magmel48/go-web/internal/shortener/shortener.go:124.2,125.41 2 0
github.com/magmel48/go-web/internal/shortener/shortener.go:132.2,132.20 1 0
github.com/magmel48/go-web/internal/shortener/shortener.go:115.19,117.3 1 0
github.com/magmel48/go-web/internal/shortener/shortener.go:120.16,122.3 1 0
github.com/magmel48/go-web/internal/shortener/shortener.go:125.41,130.3 1 0
github.com/magmel48/go-web/internal/shortener/shortener.go:135.70,137.2 1 1
github.com/magmel48/go-web/internal/app/app.go:45.54,47.16 2 0
github.com/magmel48/go-web/internal/app/app.go:51.2,52.48 2 0
github.com/magmel48/go-web/internal/app/app.go:56.2,59.3 1 0
github.com/magmel48/go-web/internal/app/app.go:47.16,48.13 1 0
github.com/magmel48/go-web/internal/app/app.go:52.48,53.13 1 0
github.com/magmel48/go-web/internal/app/app.go:63.61,77.2 9 1
github.com/magmel48/go-web/internal/app/app.go:79.53,80.31 1 1
github.com/magmel48/go-web/internal/app/app.go:85.2,86.16 2 1
github.com/magmel48/go-web/internal/app/app.go:91.2,94.16 3 1
github.com/magmel48/go-web/internal/app/app.go:105.2,106.31 2 1
github.com/magmel48/go-web/internal/app/app.go:80.31,83.3 2 0
github.com/magmel48/go-web/internal/app/app.go:86.16,89.3 2 0
github.com/magmel48/go-web/internal/app/app.go:94.16,95.41 1 1
github.com/magmel48/go-web/internal/app/app.go:100.3,100.45 1 0
github.com/magmel48/go-web/internal/app/app.go:95.41,98.4 2 1
github.com/magmel48/go-web/internal/app/app.go:101.8,103.3 1 1
github.com/magmel48/go-web/internal/app/app.go:109.57,114.16 4 1
github.com/magmel48/go-web/internal/app/app.go:119.2,120.16 2 1
github.com/magmel48/go-web/internal/app/app.go:125.2,126.16 2 1
github.com/magmel48/go-web/internal/app/app.go:137.2,142.16 3 1
github.com/magmel48/go-web/internal/app/app.go:147.2,148.23 2 1
github.com/magmel48/go-web/internal/app/app.go:114.16,117.3 2 1
github.com/magmel48/go-web/internal/app/app.go:120.16,123.3 2 0
github.com/magmel48/go-web/internal/app/app.go:126.16,127.41 1 0
github.com/magmel48/go-web/internal/app/app.go:132.3,132.45 1 0
github.com/magmel48/go-web/internal/app/app.go:127.41,130.4 2 0
github.com/magmel48/go-web/internal/app/app.go:133.8,135.3 1 1
github.com/magmel48/go-web/internal/app/app.go:142.16,145.3 2 0
github.com/magmel48/go-web/internal/app/app.go:151.58,156.16 4 1
github.com/magmel48/go-web/internal/app/app.go:161.2,162.29 2 1
github.com/magmel48/go-web/internal/app/app.go:166.2,167.16 2 1
github.com/magmel48/go-web/internal/app/app.go:171.2,172.31 2 1
github.com/magmel48/go-web/internal/app/app.go:176.2,177.16 2 1
github.com/magmel48/go-web/internal/app/app.go:182.2,184.23 3 1
github.com/magmel48/go-web/internal/app/app.go:156.16,159.3 2 0
github.com/magmel48/go-web/internal/app/app.go:162.29,164.3 1 1
github.com/magmel48/go-web/internal/app/app.go:167.16,169.3 1 0
github.com/magmel48/go-web/internal/app/app.go:172.31,174.3 1 1
github.com/magmel48/go-web/internal/app/app.go:177.16,180.3 2 0
github.com/magmel48/go-web/internal/app/app.go:187.52,192.16 4 1
github.com/magmel48/go-web/internal/app/app.go:202.2,203.53 2 0
github.com/magmel48/go-web/internal/app/app.go:192.16,193.43 1 1
github.com/magmel48/go-web/internal/app/app.go:198.3,199.9 2 1
github.com/magmel48/go-web/internal/app/app.go:193.43,196.4 2 0
github.com/magmel48/go-web/internal/app/app.go:206.56,208.16 2 1
github.com/magmel48/go-web/internal/app/app.go:213.2,214.16 2 1
github.com/magmel48/go-web/internal/app/app.go:219.2,219.22 1 1
github.com/magmel48/go-web/internal/app/app.go:208.16,211.3 2 0
github.com/magmel48/go-web/internal/app/app.go:214.16,217.3 2 0
github.com/magmel48/go-web/internal/app/app.go:219.22,221.3 1 0
github.com/magmel48/go-web/internal/app/app.go:221.8,223.17 2 1
github.com/magmel48/go-web/internal/app/app.go:228.3,229.24 2 1
github.com/magmel48/go-web/internal/app/app.go:223.17,226.4 2 0
github.com/magmel48/go-web/internal/app/app.go:233.53,234.44 1 1
github.com/magmel48/go-web/internal/app/app.go:234.44,236.3 1 1
github.com/magmel48/go-web/internal/app/app.go:239.55,241.16 2 1
github.com/magmel48/go-web/internal/app/app.go:246.2,250.16 4 1
github.com/magmel48/go-web/internal/app/app.go:255.2,256.44 2 1
github.com/magmel48/go-web/internal/app/app.go:241.16,244.3 2 0
github.com/magmel48/go-web/internal/app/app.go:250.16,253.3 2 0
github.com/magmel48/go-web/internal/app/middlewares.go:10.75,11.40 1 1
github.com/magmel48/go-web/internal/app/middlewares.go:11.40,13.34 2 1
github.com/magmel48/go-web/internal/app/middlewares.go:24.3,24.9 1 1
github.com/magmel48/go-web/internal/app/middlewares.go:14.15,16.18 2 0
github.com/magmel48/go-web/internal/app/middlewares.go:21.4,21.29 1 0
github.com/magmel48/go-web/internal/app/middlewares.go:16.18,19.5 2 0
github.com/magmel48/go-web/internal/app/middlewares.go:29.102,30.65 1 1
github.com/magmel48/go-web/internal/app/middlewares.go:30.65,31.41 1 1
github.com/magmel48/go-web/internal/app/middlewares.go:31.41,32.28 1 1
github.com/magmel48/go-web/internal/app/middlewares.go:56.4,56.10 1 1
github.com/magmel48/go-web/internal/app/middlewares.go:32.28,36.19 2 1
github.com/magmel48/go-web/internal/app/middlewares.go:36.19,53.6 10 0
github.com/magmel48/go-web/internal/app/middlewares.go:61.88,64.2 2 1
